<?xml version="1.0" encoding="UTF-8"?>
<testsuite name="com.thoughtworks.SanityIntegerTest" tests="7" skipped="0" failures="0" errors="0" timestamp="2019-12-17T23:43:54" hostname="Aleksandars-MacBook-Pro-2.local" time="0.006">
  <properties/>
  <testcase name="shouldReturnZeroIfBothNumbersAreNegative" classname="com.thoughtworks.SanityIntegerTest" time="0.003"/>
  <testcase name="shouldReturnSecondNumberIfTheFirstNumberIsZero" classname="com.thoughtworks.SanityIntegerTest" time="0.001"/>
  <testcase name="shouldReturnZeroIfTheSecondNumberIsNegative" classname="com.thoughtworks.SanityIntegerTest" time="0.0"/>
  <testcase name="shouldReturnFirstNumberIfTheSecondNumberIsZero" classname="com.thoughtworks.SanityIntegerTest" time="0.0"/>
  <testcase name="shouldAddTwoPositiveNumbers" classname="com.thoughtworks.SanityIntegerTest" time="0.0"/>
  <testcase name="shouldReturnZeroIfBothNumbersAreZero" classname="com.thoughtworks.SanityIntegerTest" time="0.0"/>
  <testcase name="shouldReturnZeroIfTheFirstNumberIsNegative" classname="com.thoughtworks.SanityIntegerTest" time="0.0"/>
  <system-out><![CDATA[]]></system-out>
  <system-err><![CDATA[]]></system-err>
</testsuite>
